Copyright 1986-2021 Xilinx, Inc. All Rights Reserved.
-----------------------------------------------------------------------------------------------------------------------------------------------
| Tool Version : Vivado v.2021.1 (win64) Build 3247384 Thu Jun 10 19:36:33 MDT 2021
| Date         : Fri Dec 17 13:49:42 2021
| Host         : DESKTOP-28O1IPC running 64-bit major release  (build 9200)
| Command      : report_methodology -file top_methodology_drc_routed.rpt -pb top_methodology_drc_routed.pb -rpx top_methodology_drc_routed.rpx
| Design       : top
| Device       : xc7a100tcsg324-1
| Speed File   : -1
| Design State : Fully Routed
-----------------------------------------------------------------------------------------------------------------------------------------------

Report Methodology

Table of Contents
-----------------
1. REPORT SUMMARY
2. REPORT DETAILS

1. REPORT SUMMARY
-----------------
            Netlist: netlist
          Floorplan: design_1
      Design limits: <entire design considered>
             Max violations: <unlimited>
             Violations found: 64
+-----------+------------------+------------------------------+------------+
| Rule      | Severity         | Description                  | Violations |
+-----------+------------------+------------------------------+------------+
| TIMING-17 | Critical Warning | Non-clocked sequential cell  | 28         |
| LUTAR-1   | Warning          | LUT drives async reset alert | 4          |
| TIMING-20 | Warning          | Non-clocked latch            | 32         |
+-----------+------------------+------------------------------+------------+

2. REPORT DETAILS
-----------------
TIMING-17#1 Critical Warning
Non-clocked sequential cell  
The clock pin Inst_fsm/current_state_reg[0]/C is not reached by a timing clock
Related violations: <none>

TIMING-17#2 Critical Warning
Non-clocked sequential cell  
The clock pin Inst_fsm/current_state_reg[1]/C is not reached by a timing clock
Related violations: <none>

TIMING-17#3 Critical Warning
Non-clocked sequential cell  
The clock pin Inst_fsm/current_state_reg[2]/C is not reached by a timing clock
Related violations: <none>

TIMING-17#4 Critical Warning
Non-clocked sequential cell  
The clock pin synchronizers[0].Inst_EDGEDTCTR/sreg_reg[0]/C is not reached by a timing clock
Related violations: <none>

TIMING-17#5 Critical Warning
Non-clocked sequential cell  
The clock pin synchronizers[0].Inst_EDGEDTCTR/sreg_reg[1]/C is not reached by a timing clock
Related violations: <none>

TIMING-17#6 Critical Warning
Non-clocked sequential cell  
The clock pin synchronizers[0].Inst_EDGEDTCTR/sreg_reg[2]/C is not reached by a timing clock
Related violations: <none>

TIMING-17#7 Critical Warning
Non-clocked sequential cell  
The clock pin synchronizers[0].Inst_SYNCHRNZR/SYNC_OUT_reg_srl2/CLK is not reached by a timing clock
Related violations: <none>

TIMING-17#8 Critical Warning
Non-clocked sequential cell  
The clock pin synchronizers[0].Inst_SYNCHRNZR/sreg_reg[0]/C is not reached by a timing clock
Related violations: <none>

TIMING-17#9 Critical Warning
Non-clocked sequential cell  
The clock pin synchronizers[1].Inst_EDGEDTCTR/sreg_reg[0]/C is not reached by a timing clock
Related violations: <none>

TIMING-17#10 Critical Warning
Non-clocked sequential cell  
The clock pin synchronizers[1].Inst_EDGEDTCTR/sreg_reg[1]/C is not reached by a timing clock
Related violations: <none>

TIMING-17#11 Critical Warning
Non-clocked sequential cell  
The clock pin synchronizers[1].Inst_EDGEDTCTR/sreg_reg[2]/C is not reached by a timing clock
Related violations: <none>

TIMING-17#12 Critical Warning
Non-clocked sequential cell  
The clock pin synchronizers[1].Inst_SYNCHRNZR/SYNC_OUT_reg_srl2/CLK is not reached by a timing clock
Related violations: <none>

TIMING-17#13 Critical Warning
Non-clocked sequential cell  
The clock pin synchronizers[1].Inst_SYNCHRNZR/sreg_reg[0]/C is not reached by a timing clock
Related violations: <none>

TIMING-17#14 Critical Warning
Non-clocked sequential cell  
The clock pin synchronizers[2].Inst_EDGEDTCTR/sreg_reg[0]/C is not reached by a timing clock
Related violations: <none>

TIMING-17#15 Critical Warning
Non-clocked sequential cell  
The clock pin synchronizers[2].Inst_EDGEDTCTR/sreg_reg[1]/C is not reached by a timing clock
Related violations: <none>

TIMING-17#16 Critical Warning
Non-clocked sequential cell  
The clock pin synchronizers[2].Inst_EDGEDTCTR/sreg_reg[2]/C is not reached by a timing clock
Related violations: <none>

TIMING-17#17 Critical Warning
Non-clocked sequential cell  
The clock pin synchronizers[2].Inst_SYNCHRNZR/SYNC_OUT_reg_srl2/CLK is not reached by a timing clock
Related violations: <none>

TIMING-17#18 Critical Warning
Non-clocked sequential cell  
The clock pin synchronizers[2].Inst_SYNCHRNZR/sreg_reg[0]/C is not reached by a timing clock
Related violations: <none>

TIMING-17#19 Critical Warning
Non-clocked sequential cell  
The clock pin synchronizers[3].Inst_EDGEDTCTR/sreg_reg[0]/C is not reached by a timing clock
Related violations: <none>

TIMING-17#20 Critical Warning
Non-clocked sequential cell  
The clock pin synchronizers[3].Inst_EDGEDTCTR/sreg_reg[1]/C is not reached by a timing clock
Related violations: <none>

TIMING-17#21 Critical Warning
Non-clocked sequential cell  
The clock pin synchronizers[3].Inst_EDGEDTCTR/sreg_reg[2]/C is not reached by a timing clock
Related violations: <none>

TIMING-17#22 Critical Warning
Non-clocked sequential cell  
The clock pin synchronizers[3].Inst_SYNCHRNZR/SYNC_OUT_reg_srl2/CLK is not reached by a timing clock
Related violations: <none>

TIMING-17#23 Critical Warning
Non-clocked sequential cell  
The clock pin synchronizers[3].Inst_SYNCHRNZR/sreg_reg[0]/C is not reached by a timing clock
Related violations: <none>

TIMING-17#24 Critical Warning
Non-clocked sequential cell  
The clock pin synchronizers[4].Inst_EDGEDTCTR/sreg_reg[0]/C is not reached by a timing clock
Related violations: <none>

TIMING-17#25 Critical Warning
Non-clocked sequential cell  
The clock pin synchronizers[4].Inst_EDGEDTCTR/sreg_reg[1]/C is not reached by a timing clock
Related violations: <none>

TIMING-17#26 Critical Warning
Non-clocked sequential cell  
The clock pin synchronizers[4].Inst_EDGEDTCTR/sreg_reg[2]/C is not reached by a timing clock
Related violations: <none>

TIMING-17#27 Critical Warning
Non-clocked sequential cell  
The clock pin synchronizers[4].Inst_SYNCHRNZR/SYNC_OUT_reg_srl2/CLK is not reached by a timing clock
Related violations: <none>

TIMING-17#28 Critical Warning
Non-clocked sequential cell  
The clock pin synchronizers[4].Inst_SYNCHRNZR/sreg_reg[0]/C is not reached by a timing clock
Related violations: <none>

LUTAR-1#1 Warning
LUT drives async reset alert  
LUT cell Inst_fsm/nextstate_decod.coste_fijo_reg[5]_i_2, with 2 or more inputs, drives asynchronous preset/clear pin(s) Inst_fsm/nextstate_decod.coste_fijo_reg[2]/CLR,
Inst_fsm/nextstate_decod.coste_fijo_reg[4]/PRE
Inst_fsm/nextstate_decod.coste_fijo_reg[5]/CLR. The LUT may glitch and trigger an unexpected reset, even if it is a properly timed path.
Related violations: <none>

LUTAR-1#2 Warning
LUT drives async reset alert  
LUT cell Inst_fsm/nextstate_decod.coste_fijo_reg[5]_i_3, with 2 or more inputs, drives asynchronous preset/clear pin(s) Inst_fsm/nextstate_decod.coste_fijo_reg[2]/PRE
Inst_fsm/nextstate_decod.coste_fijo_reg[5]/PRE. The LUT may glitch and trigger an unexpected reset, even if it is a properly timed path.
Related violations: <none>

LUTAR-1#3 Warning
LUT drives async reset alert  
LUT cell synchronizers[1].Inst_EDGEDTCTR/nextstate_decod.coste_fijo_reg[31]_i_2, with 2 or more inputs, drives asynchronous preset/clear pin(s) Inst_fsm/nextstate_decod.coste_fijo_reg[0]/CLR,
Inst_fsm/nextstate_decod.coste_fijo_reg[10]/CLR,
Inst_fsm/nextstate_decod.coste_fijo_reg[11]/CLR,
Inst_fsm/nextstate_decod.coste_fijo_reg[12]/CLR,
Inst_fsm/nextstate_decod.coste_fijo_reg[13]/CLR,
Inst_fsm/nextstate_decod.coste_fijo_reg[14]/CLR,
Inst_fsm/nextstate_decod.coste_fijo_reg[15]/CLR,
Inst_fsm/nextstate_decod.coste_fijo_reg[16]/CLR,
Inst_fsm/nextstate_decod.coste_fijo_reg[17]/CLR,
Inst_fsm/nextstate_decod.coste_fijo_reg[18]/CLR,
Inst_fsm/nextstate_decod.coste_fijo_reg[19]/CLR,
Inst_fsm/nextstate_decod.coste_fijo_reg[1]/CLR,
Inst_fsm/nextstate_decod.coste_fijo_reg[20]/CLR,
Inst_fsm/nextstate_decod.coste_fijo_reg[21]/CLR,
Inst_fsm/nextstate_decod.coste_fijo_reg[22]/CLR
 (the first 15 of 29 listed). The LUT may glitch and trigger an unexpected reset, even if it is a properly timed path.
Related violations: <none>

LUTAR-1#4 Warning
LUT drives async reset alert  
LUT cell synchronizers[1].Inst_EDGEDTCTR/nextstate_decod.coste_fijo_reg[4]_i_2, with 2 or more inputs, drives asynchronous preset/clear pin(s) Inst_fsm/nextstate_decod.coste_fijo_reg[4]/CLR. The LUT may glitch and trigger an unexpected reset, even if it is a properly timed path.
Related violations: <none>

TIMING-20#1 Warning
Non-clocked latch  
The latch Inst_fsm/nextstate_decod.coste_fijo_reg[0] cannot be properly analyzed as its control pin Inst_fsm/nextstate_decod.coste_fijo_reg[0]/G is not reached by a timing clock
Related violations: <none>

TIMING-20#2 Warning
Non-clocked latch  
The latch Inst_fsm/nextstate_decod.coste_fijo_reg[10] cannot be properly analyzed as its control pin Inst_fsm/nextstate_decod.coste_fijo_reg[10]/G is not reached by a timing clock
Related violations: <none>

TIMING-20#3 Warning
Non-clocked latch  
The latch Inst_fsm/nextstate_decod.coste_fijo_reg[11] cannot be properly analyzed as its control pin Inst_fsm/nextstate_decod.coste_fijo_reg[11]/G is not reached by a timing clock
Related violations: <none>

TIMING-20#4 Warning
Non-clocked latch  
The latch Inst_fsm/nextstate_decod.coste_fijo_reg[12] cannot be properly analyzed as its control pin Inst_fsm/nextstate_decod.coste_fijo_reg[12]/G is not reached by a timing clock
Related violations: <none>

TIMING-20#5 Warning
Non-clocked latch  
The latch Inst_fsm/nextstate_decod.coste_fijo_reg[13] cannot be properly analyzed as its control pin Inst_fsm/nextstate_decod.coste_fijo_reg[13]/G is not reached by a timing clock
Related violations: <none>

TIMING-20#6 Warning
Non-clocked latch  
The latch Inst_fsm/nextstate_decod.coste_fijo_reg[14] cannot be properly analyzed as its control pin Inst_fsm/nextstate_decod.coste_fijo_reg[14]/G is not reached by a timing clock
Related violations: <none>

TIMING-20#7 Warning
Non-clocked latch  
The latch Inst_fsm/nextstate_decod.coste_fijo_reg[15] cannot be properly analyzed as its control pin Inst_fsm/nextstate_decod.coste_fijo_reg[15]/G is not reached by a timing clock
Related violations: <none>

TIMING-20#8 Warning
Non-clocked latch  
The latch Inst_fsm/nextstate_decod.coste_fijo_reg[16] cannot be properly analyzed as its control pin Inst_fsm/nextstate_decod.coste_fijo_reg[16]/G is not reached by a timing clock
Related violations: <none>

TIMING-20#9 Warning
Non-clocked latch  
The latch Inst_fsm/nextstate_decod.coste_fijo_reg[17] cannot be properly analyzed as its control pin Inst_fsm/nextstate_decod.coste_fijo_reg[17]/G is not reached by a timing clock
Related violations: <none>

TIMING-20#10 Warning
Non-clocked latch  
The latch Inst_fsm/nextstate_decod.coste_fijo_reg[18] cannot be properly analyzed as its control pin Inst_fsm/nextstate_decod.coste_fijo_reg[18]/G is not reached by a timing clock
Related violations: <none>

TIMING-20#11 Warning
Non-clocked latch  
The latch Inst_fsm/nextstate_decod.coste_fijo_reg[19] cannot be properly analyzed as its control pin Inst_fsm/nextstate_decod.coste_fijo_reg[19]/G is not reached by a timing clock
Related violations: <none>

TIMING-20#12 Warning
Non-clocked latch  
The latch Inst_fsm/nextstate_decod.coste_fijo_reg[1] cannot be properly analyzed as its control pin Inst_fsm/nextstate_decod.coste_fijo_reg[1]/G is not reached by a timing clock
Related violations: <none>

TIMING-20#13 Warning
Non-clocked latch  
The latch Inst_fsm/nextstate_decod.coste_fijo_reg[20] cannot be properly analyzed as its control pin Inst_fsm/nextstate_decod.coste_fijo_reg[20]/G is not reached by a timing clock
Related violations: <none>

TIMING-20#14 Warning
Non-clocked latch  
The latch Inst_fsm/nextstate_decod.coste_fijo_reg[21] cannot be properly analyzed as its control pin Inst_fsm/nextstate_decod.coste_fijo_reg[21]/G is not reached by a timing clock
Related violations: <none>

TIMING-20#15 Warning
Non-clocked latch  
The latch Inst_fsm/nextstate_decod.coste_fijo_reg[22] cannot be properly analyzed as its control pin Inst_fsm/nextstate_decod.coste_fijo_reg[22]/G is not reached by a timing clock
Related violations: <none>

TIMING-20#16 Warning
Non-clocked latch  
The latch Inst_fsm/nextstate_decod.coste_fijo_reg[23] cannot be properly analyzed as its control pin Inst_fsm/nextstate_decod.coste_fijo_reg[23]/G is not reached by a timing clock
Related violations: <none>

TIMING-20#17 Warning
Non-clocked latch  
The latch Inst_fsm/nextstate_decod.coste_fijo_reg[24] cannot be properly analyzed as its control pin Inst_fsm/nextstate_decod.coste_fijo_reg[24]/G is not reached by a timing clock
Related violations: <none>

TIMING-20#18 Warning
Non-clocked latch  
The latch Inst_fsm/nextstate_decod.coste_fijo_reg[25] cannot be properly analyzed as its control pin Inst_fsm/nextstate_decod.coste_fijo_reg[25]/G is not reached by a timing clock
Related violations: <none>

TIMING-20#19 Warning
Non-clocked latch  
The latch Inst_fsm/nextstate_decod.coste_fijo_reg[26] cannot be properly analyzed as its control pin Inst_fsm/nextstate_decod.coste_fijo_reg[26]/G is not reached by a timing clock
Related violations: <none>

TIMING-20#20 Warning
Non-clocked latch  
The latch Inst_fsm/nextstate_decod.coste_fijo_reg[27] cannot be properly analyzed as its control pin Inst_fsm/nextstate_decod.coste_fijo_reg[27]/G is not reached by a timing clock
Related violations: <none>

TIMING-20#21 Warning
Non-clocked latch  
The latch Inst_fsm/nextstate_decod.coste_fijo_reg[28] cannot be properly analyzed as its control pin Inst_fsm/nextstate_decod.coste_fijo_reg[28]/G is not reached by a timing clock
Related violations: <none>

TIMING-20#22 Warning
Non-clocked latch  
The latch Inst_fsm/nextstate_decod.coste_fijo_reg[29] cannot be properly analyzed as its control pin Inst_fsm/nextstate_decod.coste_fijo_reg[29]/G is not reached by a timing clock
Related violations: <none>

TIMING-20#23 Warning
Non-clocked latch  
The latch Inst_fsm/nextstate_decod.coste_fijo_reg[2]/L7 (in Inst_fsm/nextstate_decod.coste_fijo_reg[2] macro) cannot be properly analyzed as its control pin Inst_fsm/nextstate_decod.coste_fijo_reg[2]/L7/G is not reached by a timing clock
Related violations: <none>

TIMING-20#24 Warning
Non-clocked latch  
The latch Inst_fsm/nextstate_decod.coste_fijo_reg[30] cannot be properly analyzed as its control pin Inst_fsm/nextstate_decod.coste_fijo_reg[30]/G is not reached by a timing clock
Related violations: <none>

TIMING-20#25 Warning
Non-clocked latch  
The latch Inst_fsm/nextstate_decod.coste_fijo_reg[31] cannot be properly analyzed as its control pin Inst_fsm/nextstate_decod.coste_fijo_reg[31]/G is not reached by a timing clock
Related violations: <none>

TIMING-20#26 Warning
Non-clocked latch  
The latch Inst_fsm/nextstate_decod.coste_fijo_reg[3] cannot be properly analyzed as its control pin Inst_fsm/nextstate_decod.coste_fijo_reg[3]/G is not reached by a timing clock
Related violations: <none>

TIMING-20#27 Warning
Non-clocked latch  
The latch Inst_fsm/nextstate_decod.coste_fijo_reg[4]/L7 (in Inst_fsm/nextstate_decod.coste_fijo_reg[4] macro) cannot be properly analyzed as its control pin Inst_fsm/nextstate_decod.coste_fijo_reg[4]/L7/G is not reached by a timing clock
Related violations: <none>

TIMING-20#28 Warning
Non-clocked latch  
The latch Inst_fsm/nextstate_decod.coste_fijo_reg[5]/L7 (in Inst_fsm/nextstate_decod.coste_fijo_reg[5] macro) cannot be properly analyzed as its control pin Inst_fsm/nextstate_decod.coste_fijo_reg[5]/L7/G is not reached by a timing clock
Related violations: <none>

TIMING-20#29 Warning
Non-clocked latch  
The latch Inst_fsm/nextstate_decod.coste_fijo_reg[6] cannot be properly analyzed as its control pin Inst_fsm/nextstate_decod.coste_fijo_reg[6]/G is not reached by a timing clock
Related violations: <none>

TIMING-20#30 Warning
Non-clocked latch  
The latch Inst_fsm/nextstate_decod.coste_fijo_reg[7] cannot be properly analyzed as its control pin Inst_fsm/nextstate_decod.coste_fijo_reg[7]/G is not reached by a timing clock
Related violations: <none>

TIMING-20#31 Warning
Non-clocked latch  
The latch Inst_fsm/nextstate_decod.coste_fijo_reg[8] cannot be properly analyzed as its control pin Inst_fsm/nextstate_decod.coste_fijo_reg[8]/G is not reached by a timing clock
Related violations: <none>

TIMING-20#32 Warning
Non-clocked latch  
The latch Inst_fsm/nextstate_decod.coste_fijo_reg[9] cannot be properly analyzed as its control pin Inst_fsm/nextstate_decod.coste_fijo_reg[9]/G is not reached by a timing clock
Related violations: <none>


