#-----------------------------------------------------------
# Vivado v2021.1 (64-bit)
# SW Build 3247384 on Thu Jun 10 19:36:33 MDT 2021
# IP Build 3246043 on Fri Jun 11 00:30:35 MDT 2021
# Start of session at: Mon Dec 20 09:19:13 2021
# Process ID: 2896
# Current directory: C:/Users/Propietario/Documents/GitHub/Maquina_Expendedora_VHDL/MaquinaExpendedora
# Command line: vivado.exe -gui_launcher_event rodinguilauncherevent3380 C:\Users\Propietario\Documents\GitHub\Maquina_Expendedora_VHDL\MaquinaExpendedora\MaquinaExpendedora.xpr
# Log file: C:/Users/Propietario/Documents/GitHub/Maquina_Expendedora_VHDL/MaquinaExpendedora/vivado.log
# Journal file: C:/Users/Propietario/Documents/GitHub/Maquina_Expendedora_VHDL/MaquinaExpendedora\vivado.jou
#-----------------------------------------------------------
start_gui
open_project C:/Users/Propietario/Documents/GitHub/Maquina_Expendedora_VHDL/MaquinaExpendedora/MaquinaExpendedora.xpr
INFO: [ProjectBase 1-489] The host OS only allows 260 characters in a normal path. The project is stored in a path with more than 80 characters. If you experience issues with IP, Block Designs, or files not being found, please consider moving the project to a location with a shorter path. Alternately consider using the OS subst command to map part of the path to a drive letter.
Current project path is 'C:/Users/Propietario/Documents/GitHub/Maquina_Expendedora_VHDL/MaquinaExpendedora'
INFO: [Project 1-313] Project file moved from 'C:/Users/Propietario/Desktop/GIT/Maquina_Expendedora_VHDL/MaquinaExpendedora' since last save.
WARNING: [filemgmt 56-3] Board Part Repository Path: Could not find the directory 'C:/Users/Markv/AppData/Roaming/Xilinx/Vivado/2021.1/xhub/board_store/xilinx_board_store'.
WARNING: [filemgmt 56-2] Default IP Output Path : Could not find the directory 'C:/Users/Propietario/Documents/GitHub/Maquina_Expendedora_VHDL/MaquinaExpendedora/MaquinaExpendedora.gen/sources_1', nor could it be found using path 'C:/Users/Propietario/Desktop/GIT/Maquina_Expendedora_VHDL/MaquinaExpendedora/MaquinaExpendedora.gen/sources_1'.
Scanning sources...
Finished scanning sources
INFO: [IP_Flow 19-234] Refreshing IP repositories
INFO: [IP_Flow 19-1704] No user IP repositories specified
INFO: [IP_Flow 19-2313] Loaded Vivado IP repository 'E:/Vivado/2021.1/data/ip'.
open_project: Time (s): cpu = 00:00:24 ; elapsed = 00:00:23 . Memory (MB): peak = 1246.594 ; gain = 0.000
update_compile_order -fileset sources_1
set_property SOURCE_SET sources_1 [get_filesets sim_1]
add_files -fileset sim_1 -norecurse C:/Users/Propietario/Desktop/GIT/Maquina_Expendedora_VHDL/MaquinaExpendedora/MaquinaExpendedora.srcs/sim_1/new/FSM_tb.vhd
update_compile_order -fileset sim_1
exit
INFO: [Common 17-206] Exiting Vivado at Mon Dec 20 09:28:47 2021...
