#-----------------------------------------------------------
# Vivado v2021.1 (64-bit)
# SW Build 3247384 on Thu Jun 10 19:36:33 MDT 2021
# IP Build 3246043 on Fri Jun 11 00:30:35 MDT 2021
# Start of session at: Sat Dec 18 19:10:22 2021
# Process ID: 5300
# Current directory: C:/Users/Propietario/Desktop/GIT/Maquina_Expendedora_VHDL/MaquinaExpendedora
# Command line: vivado.exe -gui_launcher_event rodinguilauncherevent5844 C:\Users\Propietario\Desktop\GIT\Maquina_Expendedora_VHDL\MaquinaExpendedora\MaquinaExpendedora.xpr
# Log file: C:/Users/Propietario/Desktop/GIT/Maquina_Expendedora_VHDL/MaquinaExpendedora/vivado.log
# Journal file: C:/Users/Propietario/Desktop/GIT/Maquina_Expendedora_VHDL/MaquinaExpendedora\vivado.jou
#-----------------------------------------------------------
start_gui
open_project C:/Users/Propietario/Desktop/GIT/Maquina_Expendedora_VHDL/MaquinaExpendedora/MaquinaExpendedora.xpr
INFO: [Project 1-313] Project file moved from 'C:/Users/sed/Desktop/54892/Maquina_Expendedora_VHDL-main/MaquinaExpendedora' since last save.
WARNING: [filemgmt 56-3] Board Part Repository Path: Could not find the directory 'C:/Users/Markv/AppData/Roaming/Xilinx/Vivado/2021.1/xhub/board_store/xilinx_board_store'.
WARNING: [filemgmt 56-2] Default IP Output Path : Could not find the directory 'C:/Users/Propietario/Desktop/GIT/Maquina_Expendedora_VHDL/MaquinaExpendedora/MaquinaExpendedora.gen/sources_1', nor could it be found using path 'C:/Users/sed/Desktop/54892/Maquina_Expendedora_VHDL-main/MaquinaExpendedora/MaquinaExpendedora.gen/sources_1'.
Scanning sources...
Finished scanning sources
INFO: [IP_Flow 19-234] Refreshing IP repositories
INFO: [IP_Flow 19-1704] No user IP repositories specified
INFO: [IP_Flow 19-2313] Loaded Vivado IP repository 'E:/Vivado/2021.1/data/ip'.
open_project: Time (s): cpu = 00:00:16 ; elapsed = 00:00:06 . Memory (MB): peak = 1247.109 ; gain = 0.000
update_compile_order -fileset sources_1
exit
INFO: [Common 17-206] Exiting Vivado at Sat Dec 18 20:52:18 2021...
