#-----------------------------------------------------------
# Vivado v2021.1 (64-bit)
# SW Build 3247384 on Thu Jun 10 19:36:33 MDT 2021
# IP Build 3246043 on Fri Jun 11 00:30:35 MDT 2021
# Start of session at: Thu Dec 16 13:28:00 2021
# Process ID: 4840
# Current directory: D:/UNIVERSIDAD/4 CARRERA/Sistemas Electrnicos Digitales/trabajo/Maquina_Expendedora_VHDL-main/MaquinaExpendedora
# Command line: vivado.exe -gui_launcher_event rodinguilauncherevent1796 D:\UNIVERSIDAD\4 CARRERA\Sistemas Electrnicos Digitales\trabajo\Maquina_Expendedora_VHDL-main\MaquinaExpendedora\MaquinaExpendedora.xpr
# Log file: D:/UNIVERSIDAD/4 CARRERA/Sistemas Electrnicos Digitales/trabajo/Maquina_Expendedora_VHDL-main/MaquinaExpendedora/vivado.log
# Journal file: D:/UNIVERSIDAD/4 CARRERA/Sistemas Electrnicos Digitales/trabajo/Maquina_Expendedora_VHDL-main/MaquinaExpendedora\vivado.jou
#-----------------------------------------------------------
start_gui
open_project {D:/UNIVERSIDAD/4 CARRERA/Sistemas Electrnicos Digitales/trabajo/Maquina_Expendedora_VHDL-main/MaquinaExpendedora/MaquinaExpendedora.xpr}
INFO: [ProjectBase 1-489] The host OS only allows 260 characters in a normal path. The project is stored in a path with more than 80 characters. If you experience issues with IP, Block Designs, or files not being found, please consider moving the project to a location with a shorter path. Alternately consider using the OS subst command to map part of the path to a drive letter.
Current project path is 'D:/UNIVERSIDAD/4 CARRERA/Sistemas Electrnicos Digitales/trabajo/Maquina_Expendedora_VHDL-main/MaquinaExpendedora'
WARNING: [filemgmt 56-3] Board Part Repository Path: Could not find the directory 'C:/Users/Markv/AppData/Roaming/Xilinx/Vivado/2021.1/xhub/board_store/xilinx_board_store'.
WARNING: [filemgmt 56-3] Default IP Output Path : Could not find the directory 'D:/UNIVERSIDAD/4 CARRERA/Sistemas Electrnicos Digitales/trabajo/Maquina_Expendedora_VHDL-main/MaquinaExpendedora/MaquinaExpendedora.gen/sources_1'.
WARNING: [filemgmt 56-3] IPUserFilesDir: Could not find the directory 'D:/UNIVERSIDAD/4 CARRERA/Sistemas Electrnicos Digitales/trabajo/Maquina_Expendedora_VHDL-main/MaquinaExpendedora/MaquinaExpendedora.ip_user_files'.
Scanning sources...
Finished scanning sources
INFO: [IP_Flow 19-234] Refreshing IP repositories
INFO: [IP_Flow 19-1704] No user IP repositories specified
INFO: [IP_Flow 19-2313] Loaded Vivado IP repository 'C:/Xilinx/Vivado/2021.1/data/ip'.
open_project: Time (s): cpu = 00:00:16 ; elapsed = 00:00:12 . Memory (MB): peak = 1434.906 ; gain = 0.000
update_compile_order -fileset sources_1
update_compile_order -fileset sources_1
update_compile_order -fileset sources_1
exit
INFO: [Common 17-206] Exiting Vivado at Thu Dec 16 14:05:06 2021...
